{
  "stats": {
    "suites": 2,
    "tests": 16,
    "passes": 16,
    "pending": 0,
    "failures": 0,
    "testsRegistered": 16,
    "passPercent": 100,
    "pendingPercent": 0,
    "other": 0,
    "hasOther": false,
    "skipped": 0,
    "hasSkipped": false,
    "start": "2023-12-30T09:41:02.350Z",
    "end": "2023-12-30T09:42:20.630Z",
    "duration": 78280
  },
  "results": [
    {
      "uuid": "5474d483-a11e-4d04-9a80-848def4091a6",
      "title": "",
      "fullFile": "cypress\\e2e\\user_journeys\\signup_to_fund_transfer.spec.js",
      "file": "cypress\\e2e\\user_journeys\\signup_to_fund_transfer.spec.js",
      "beforeHooks": [],
      "afterHooks": [],
      "tests": [],
      "suites": [
        {
          "uuid": "5d241545-31a5-42ff-bfaf-bd1c5a7e76c1",
          "title": "Verify Signup to Fund Transfer User Journey",
          "fullFile": "",
          "file": "",
          "beforeHooks": [],
          "afterHooks": [],
          "tests": [
            {
              "title": "sign up with unique username",
              "fullTitle": "Verify Signup to Fund Transfer User Journey sign up with unique username",
              "timedOut": null,
              "duration": 3491,
              "state": "passed",
              "speed": "fast",
              "pass": true,
              "fail": false,
              "pending": false,
              "context": null,
              "code": "cy.log(regoData.firstName);\n_signup.onSignUpPage.visitSignupPage();\n_signup.onSignUpPage.doSignUp(regoData.firstName, regoData.lastName, regoData.address, regoData.city, regoData.state, regoData.zipCode, regoData.phone, regoData.ssn, userName, regoData.password, regoData.password);\n_home.onHomePage.checkSuccessRegisterText(regoData.SIGNUP_SUCCESS_MESSAGE);",
              "err": {},
              "uuid": "5d1ff0ae-603b-4750-8b6a-cc5d75c00b11",
              "parentUUID": "5d241545-31a5-42ff-bfaf-bd1c5a7e76c1",
              "isHook": false,
              "skipped": false
            },
            {
              "title": "login with latest signup user",
              "fullTitle": "Verify Signup to Fund Transfer User Journey login with latest signup user",
              "timedOut": null,
              "duration": 5092,
              "state": "passed",
              "speed": "medium",
              "pass": true,
              "fail": false,
              "pending": false,
              "context": null,
              "code": "_login.onLoginPage.visitLoginPage();\n_login.onLoginPage.verifyLoginPage();\n_login.onLoginPage.doLogin(userName, regoData.password);\n_home.onHomePage.checkSuccessLoginTest(regoData.LOGIN_SUCCESS_MESSAGE);",
              "err": {},
              "uuid": "f7124aca-9e26-4496-a1e3-7cafcefcf076",
              "parentUUID": "5d241545-31a5-42ff-bfaf-bd1c5a7e76c1",
              "isHook": false,
              "skipped": false
            },
            {
              "title": "Verify Global Navigation Bar working as expected",
              "fullTitle": "Verify Signup to Fund Transfer User Journey Verify Global Navigation Bar working as expected",
              "timedOut": null,
              "duration": 2081,
              "state": "passed",
              "speed": "fast",
              "pass": true,
              "fail": false,
              "pending": false,
              "context": null,
              "code": "_home.onHomePage.visitHomePage();\n_global.onGlobalPage.verifyGlobalHomeBtn();\n_global.onGlobalPage.verifyGlobalAboutUsBtn();\n_global.onGlobalPage.verifyGlobalContactBtn();\n_global.onGlobalPage.verifyLeftMenuAboutLink();",
              "err": {},
              "uuid": "48bb532e-870b-4d7f-891a-0dc8236a52af",
              "parentUUID": "5d241545-31a5-42ff-bfaf-bd1c5a7e76c1",
              "isHook": false,
              "skipped": false
            },
            {
              "title": "5. verify creation saving account",
              "fullTitle": "Verify Signup to Fund Transfer User Journey 5. verify creation saving account",
              "timedOut": null,
              "duration": 6911,
              "state": "passed",
              "speed": "medium",
              "pass": true,
              "fail": false,
              "pending": false,
              "context": null,
              "code": "_home.onHomePage.visitHomePage();\n_login.onLoginPage.doLogin(userName, regoData.password);\n_home.onHomePage.clickOpenAccountLink();\n_accountOpen.onAccountOpenPage.verifyOpenAccountPage();\n_accountOpen.onAccountOpenPage.selectAccountType(\"SAVINGS\");\n//cy.get('#type').select('SAVINGS').should('have.value','1');\n//cy.get('#fromAccountId').select(0);\n_accountOpen.onAccountOpenPage.clickOpenAccountBtn();\ncy.wait(2000);\n_accountOpen.onAccountOpenPage.captureNewAccountId().then(capturedNumber => {\n  accountNumber = capturedNumber;\n});\ncy.log(`Captured Account Number: ${accountNumber}`);",
              "err": {},
              "uuid": "b6bab0fe-a000-47e5-8179-92fd2fa48e75",
              "parentUUID": "5d241545-31a5-42ff-bfaf-bd1c5a7e76c1",
              "isHook": false,
              "skipped": false
            },
            {
              "title": "6. verify account overview page",
              "fullTitle": "Verify Signup to Fund Transfer User Journey 6. verify account overview page",
              "timedOut": null,
              "duration": 4443,
              "state": "passed",
              "speed": "fast",
              "pass": true,
              "fail": false,
              "pending": false,
              "context": null,
              "code": "_home.onHomePage.visitHomePage();\n_login.onLoginPage.doLogin(userName, regoData.password);\n_home.onHomePage.clickAccountOverviewLink();\n_accountOverview.onAccountOverviewPage.verifyAccountOverviewPage();\n_accountOverview.onAccountOverviewPage.checkAccountBalance(accountNumber);",
              "err": {},
              "uuid": "b9e6261e-cfb2-4137-b2fe-619bf9a6bc76",
              "parentUUID": "5d241545-31a5-42ff-bfaf-bd1c5a7e76c1",
              "isHook": false,
              "skipped": false
            },
            {
              "title": "7. verify transfering money amoung the accounts",
              "fullTitle": "Verify Signup to Fund Transfer User Journey 7. verify transfering money amoung the accounts",
              "timedOut": null,
              "duration": 6787,
              "state": "passed",
              "speed": "medium",
              "pass": true,
              "fail": false,
              "pending": false,
              "context": null,
              "code": "//let accountNumber = \"15120\";\n_home.onHomePage.visitHomePage();\n_login.onLoginPage.doLogin(userName, regoData.password);\n_transferFunds.onTransferFundsPage.visitTransferFundsPage();\ncy.wait(2000);\n_transferFunds.onTransferFundsPage.typeTransferAmount(10);\ncy.log(`From Account Number: ${accountNumber}`);\n_transferFunds.onTransferFundsPage.selectFromAccNumber(accountNumber);\n_transferFunds.onTransferFundsPage.selectToAccNumber(accountNumber);\n_transferFunds.onTransferFundsPage.clickTransferBtn();\n_transferFunds.onTransferFundsPage.verifySuccessTransfer();",
              "err": {},
              "uuid": "0676b81a-e2c4-42cb-9d9d-9d98b59a7e90",
              "parentUUID": "5d241545-31a5-42ff-bfaf-bd1c5a7e76c1",
              "isHook": false,
              "skipped": false
            },
            {
              "title": "8. verify bill payments with created account",
              "fullTitle": "Verify Signup to Fund Transfer User Journey 8. verify bill payments with created account",
              "timedOut": null,
              "duration": 6696,
              "state": "passed",
              "speed": "medium",
              "pass": true,
              "fail": false,
              "pending": false,
              "context": null,
              "code": "//let accountNumber = \"15120\";\n_home.onHomePage.visitHomePage();\n_login.onLoginPage.doLogin(userName, regoData.password);\n_billPay.onBillPayPage.visitBillPayPage();\n_billPay.onBillPayPage.doBillPay(billPayData.payeeName, billPayData.address, billPayData.city, billPayData.state, billPayData.zipCode, billPayData.phone, billPayData.toAccNumber, billPayData.amount, accountNumber);\n_billPay.onBillPayPage.VerifyBillPayment();",
              "err": {},
              "uuid": "5f0cc660-0900-4fdb-a634-694d5960dcf5",
              "parentUUID": "5d241545-31a5-42ff-bfaf-bd1c5a7e76c1",
              "isHook": false,
              "skipped": false
            },
            {
              "title": "9. Verify Transaction Search API call",
              "fullTitle": "Verify Signup to Fund Transfer User Journey 9. Verify Transaction Search API call",
              "timedOut": null,
              "duration": 90,
              "state": "passed",
              "speed": "fast",
              "pass": true,
              "fail": false,
              "pending": false,
              "context": null,
              "code": "//let accountNumber = \"13899\";\ncy.searchTransactions(userName, accountNumber);",
              "err": {},
              "uuid": "488fee56-f400-4efa-a687-f0d5f31878aa",
              "parentUUID": "5d241545-31a5-42ff-bfaf-bd1c5a7e76c1",
              "isHook": false,
              "skipped": false
            }
          ],
          "suites": [],
          "passes": [
            "5d1ff0ae-603b-4750-8b6a-cc5d75c00b11",
            "f7124aca-9e26-4496-a1e3-7cafcefcf076",
            "48bb532e-870b-4d7f-891a-0dc8236a52af",
            "b6bab0fe-a000-47e5-8179-92fd2fa48e75",
            "b9e6261e-cfb2-4137-b2fe-619bf9a6bc76",
            "0676b81a-e2c4-42cb-9d9d-9d98b59a7e90",
            "5f0cc660-0900-4fdb-a634-694d5960dcf5",
            "488fee56-f400-4efa-a687-f0d5f31878aa"
          ],
          "failures": [],
          "pending": [],
          "skipped": [],
          "duration": 35591,
          "root": false,
          "rootEmpty": false,
          "_timeout": 2000
        }
      ],
      "passes": [],
      "failures": [],
      "pending": [],
      "skipped": [],
      "duration": 0,
      "root": true,
      "rootEmpty": true,
      "_timeout": 2000
    },
    {
      "uuid": "83f1c3a9-22bc-42a1-aa36-a94d92063fd5",
      "title": "",
      "fullFile": "cypress\\e2e\\onboarding\\sign_up.spec.js",
      "file": "cypress\\e2e\\onboarding\\sign_up.spec.js",
      "beforeHooks": [],
      "afterHooks": [],
      "tests": [],
      "suites": [
        {
          "uuid": "7f412a06-9119-480e-b318-989e2c6ea8bb",
          "title": "Verify if Sign-up works correctly",
          "fullFile": "",
          "file": "",
          "beforeHooks": [],
          "afterHooks": [],
          "tests": [
            {
              "title": "sign up with unique username",
              "fullTitle": "Verify if Sign-up works correctly sign up with unique username",
              "timedOut": null,
              "duration": 3671,
              "state": "passed",
              "speed": "fast",
              "pass": true,
              "fail": false,
              "pending": false,
              "context": null,
              "code": "cy.log(regoData.firstName);\n_signup.onSignUpPage.visitSignupPage();\n_signup.onSignUpPage.doSignUp(regoData.firstName, regoData.lastName, regoData.address, regoData.city, regoData.state, regoData.zipCode, regoData.phone, regoData.ssn, userName, regoData.password, regoData.password);\n_home.onHomePage.checkSuccessRegisterText(regoData.SIGNUP_SUCCESS_MESSAGE);",
              "err": {},
              "uuid": "0d091548-14b8-4ef1-8d78-083d85e27afe",
              "parentUUID": "7f412a06-9119-480e-b318-989e2c6ea8bb",
              "isHook": false,
              "skipped": false
            },
            {
              "title": "login with latest signup user",
              "fullTitle": "Verify if Sign-up works correctly login with latest signup user",
              "timedOut": null,
              "duration": 5221,
              "state": "passed",
              "speed": "medium",
              "pass": true,
              "fail": false,
              "pending": false,
              "context": null,
              "code": "_login.onLoginPage.visitLoginPage();\n_login.onLoginPage.verifyLoginPage();\n_login.onLoginPage.doLogin(userName, regoData.password);\n_home.onHomePage.checkSuccessLoginTest(regoData.LOGIN_SUCCESS_MESSAGE);",
              "err": {},
              "uuid": "9452391c-bb73-4d9b-8b7f-b2aaf56374a1",
              "parentUUID": "7f412a06-9119-480e-b318-989e2c6ea8bb",
              "isHook": false,
              "skipped": false
            },
            {
              "title": "Verify Global Navigation Bar working as expected",
              "fullTitle": "Verify if Sign-up works correctly Verify Global Navigation Bar working as expected",
              "timedOut": null,
              "duration": 1979,
              "state": "passed",
              "speed": "fast",
              "pass": true,
              "fail": false,
              "pending": false,
              "context": null,
              "code": "_home.onHomePage.visitHomePage();\n_global.onGlobalPage.verifyGlobalHomeBtn();\n_global.onGlobalPage.verifyGlobalAboutUsBtn();\n_global.onGlobalPage.verifyGlobalContactBtn();\n_global.onGlobalPage.verifyLeftMenuAboutLink();",
              "err": {},
              "uuid": "51a7fca2-4dc6-440f-9e2c-d43afe744124",
              "parentUUID": "7f412a06-9119-480e-b318-989e2c6ea8bb",
              "isHook": false,
              "skipped": false
            },
            {
              "title": "5. verify creation saving account",
              "fullTitle": "Verify if Sign-up works correctly 5. verify creation saving account",
              "timedOut": null,
              "duration": 7121,
              "state": "passed",
              "speed": "medium",
              "pass": true,
              "fail": false,
              "pending": false,
              "context": null,
              "code": "_home.onHomePage.visitHomePage();\n_login.onLoginPage.doLogin(userName, regoData.password);\n_home.onHomePage.clickOpenAccountLink();\n_accountOpen.onAccountOpenPage.verifyOpenAccountPage();\n_accountOpen.onAccountOpenPage.selectAccountType(\"SAVINGS\");\n//cy.get('#type').select('SAVINGS').should('have.value','1');\n//cy.get('#fromAccountId').select(0);\n_accountOpen.onAccountOpenPage.clickOpenAccountBtn();\ncy.wait(2000);\n_accountOpen.onAccountOpenPage.captureNewAccountId().then(capturedNumber => {\n  accountNumber = capturedNumber;\n});\ncy.log(`Captured Account Number: ${accountNumber}`);",
              "err": {},
              "uuid": "7234703b-b615-4c05-b7c0-ea93c20116ee",
              "parentUUID": "7f412a06-9119-480e-b318-989e2c6ea8bb",
              "isHook": false,
              "skipped": false
            },
            {
              "title": "6. verify account overview page",
              "fullTitle": "Verify if Sign-up works correctly 6. verify account overview page",
              "timedOut": null,
              "duration": 4384,
              "state": "passed",
              "speed": "fast",
              "pass": true,
              "fail": false,
              "pending": false,
              "context": null,
              "code": "_home.onHomePage.visitHomePage();\n_login.onLoginPage.doLogin(userName, regoData.password);\n_home.onHomePage.clickAccountOverviewLink();\n_accountOverview.onAccountOverviewPage.verifyAccountOverviewPage();\n_accountOverview.onAccountOverviewPage.checkAccountBalance(accountNumber);",
              "err": {},
              "uuid": "58dff906-05e6-4007-b856-88f784c03fcf",
              "parentUUID": "7f412a06-9119-480e-b318-989e2c6ea8bb",
              "isHook": false,
              "skipped": false
            },
            {
              "title": "7. verify transfering money amoung the accounts",
              "fullTitle": "Verify if Sign-up works correctly 7. verify transfering money amoung the accounts",
              "timedOut": null,
              "duration": 6932,
              "state": "passed",
              "speed": "medium",
              "pass": true,
              "fail": false,
              "pending": false,
              "context": null,
              "code": "//let accountNumber = \"15120\";\n_home.onHomePage.visitHomePage();\n_login.onLoginPage.doLogin(userName, regoData.password);\n_transferFunds.onTransferFundsPage.visitTransferFundsPage();\ncy.wait(2000);\n_transferFunds.onTransferFundsPage.typeTransferAmount(10);\ncy.log(`From Account Number: ${accountNumber}`);\n_transferFunds.onTransferFundsPage.selectFromAccNumber(accountNumber);\n_transferFunds.onTransferFundsPage.selectToAccNumber(accountNumber);\n_transferFunds.onTransferFundsPage.clickTransferBtn();\n_transferFunds.onTransferFundsPage.verifySuccessTransfer();",
              "err": {},
              "uuid": "86e18c74-00b5-4739-8d90-2ed0dce694f1",
              "parentUUID": "7f412a06-9119-480e-b318-989e2c6ea8bb",
              "isHook": false,
              "skipped": false
            },
            {
              "title": "8. verify bill payments with created account",
              "fullTitle": "Verify if Sign-up works correctly 8. verify bill payments with created account",
              "timedOut": null,
              "duration": 4342,
              "state": "passed",
              "speed": "fast",
              "pass": true,
              "fail": false,
              "pending": false,
              "context": null,
              "code": "//let accountNumber = \"15120\";\n_home.onHomePage.visitHomePage();\n_login.onLoginPage.doLogin(userName, regoData.password);\n_billPay.onBillPayPage.visitBillPayPage();",
              "err": {},
              "uuid": "cb8c4304-0cde-4335-8cf0-c567666f97d7",
              "parentUUID": "7f412a06-9119-480e-b318-989e2c6ea8bb",
              "isHook": false,
              "skipped": false
            },
            {
              "title": "9. Verify Transaction Search API call",
              "fullTitle": "Verify if Sign-up works correctly 9. Verify Transaction Search API call",
              "timedOut": null,
              "duration": 103,
              "state": "passed",
              "speed": "fast",
              "pass": true,
              "fail": false,
              "pending": false,
              "context": null,
              "code": "//let accountNumber = \"13899\";\ncy.searchTransactions(userName, accountNumber);",
              "err": {},
              "uuid": "038e0998-dc94-4877-98a6-90406ff7f761",
              "parentUUID": "7f412a06-9119-480e-b318-989e2c6ea8bb",
              "isHook": false,
              "skipped": false
            }
          ],
          "suites": [],
          "passes": [
            "0d091548-14b8-4ef1-8d78-083d85e27afe",
            "9452391c-bb73-4d9b-8b7f-b2aaf56374a1",
            "51a7fca2-4dc6-440f-9e2c-d43afe744124",
            "7234703b-b615-4c05-b7c0-ea93c20116ee",
            "58dff906-05e6-4007-b856-88f784c03fcf",
            "86e18c74-00b5-4739-8d90-2ed0dce694f1",
            "cb8c4304-0cde-4335-8cf0-c567666f97d7",
            "038e0998-dc94-4877-98a6-90406ff7f761"
          ],
          "failures": [],
          "pending": [],
          "skipped": [],
          "duration": 33753,
          "root": false,
          "rootEmpty": false,
          "_timeout": 2000
        }
      ],
      "passes": [],
      "failures": [],
      "pending": [],
      "skipped": [],
      "duration": 0,
      "root": true,
      "rootEmpty": true,
      "_timeout": 2000
    }
  ],
  "meta": {
    "mocha": {
      "version": "7.0.1"
    },
    "mochawesome": {
      "options": {
        "quiet": false,
        "reportFilename": "mochawesome",
        "saveHtml": true,
        "saveJson": true,
        "consoleReporter": "spec",
        "useInlineDiffs": false,
        "code": true
      },
      "version": "7.1.3"
    },
    "marge": {
      "options": {
        "id": "default",
        "reportDir": "cypress/results/mochawesome",
        "quite": true,
        "overwrite": false,
        "html": true,
        "json": true
      },
      "version": "6.2.0"
    }
  }
}